<?xml version="1.0" encoding="UTF-8"?>
<!-- Generated by org.testng.reporters.JUnitXMLReporter -->
<testsuite hostname="Bhagi-PC" ignored="1" name="Command line test" tests="1" failures="0" timestamp="07 Sep 2021 14:13:38 GMT" time="74.375" errors="0">
  <testcase name="AddTshirtInCartScenario" time="50.836" classname="com.qa.test.AutomationPracticeTest"/>
  <testcase name="GetAllLinksOfMenu" time="0.0" classname="com.qa.test.AutomationPracticeTest">
    <ignored/>
  </testcase> <!-- GetAllLinksOfMenu -->
</testsuite> <!-- Command line test -->
