<?xml version="1.0" encoding="UTF-8"?>
<!-- Generated by org.testng.reporters.JUnitXMLReporter -->
<testsuite ignored="1" hostname="Bhagi-PC" failures="0" tests="1" name="Command line test" time="58.199" errors="0" timestamp="06 Sep 2021 15:09:30 GMT">
  <testcase classname="com.qa.test.AutomationPracticeTest" name="AddTshirtInCartScenario" time="34.782"/>
  <testcase classname="com.qa.test.AutomationPracticeTest" name="GetAllLinksOfMenu" time="0.0">
    <ignored/>
  </testcase> <!-- GetAllLinksOfMenu -->
</testsuite> <!-- Command line test -->
