<?xml version="1.0" encoding="UTF-8"?>
<!-- Generated by org.testng.reporters.JUnitXMLReporter -->
<testsuite hostname="Bhagi-PC" ignored="1" name="Default test" tests="1" failures="0" timestamp="06 Sep 2021 15:07:26 GMT" time="89.737" errors="0">
  <testcase name="AddTshirtInCartScenario" time="37.251" classname="com.qa.test.AutomationPracticeTest"/>
  <testcase name="GetAllLinksOfMenu" time="0.0" classname="com.qa.test.AutomationPracticeTest">
    <ignored/>
  </testcase> <!-- GetAllLinksOfMenu -->
</testsuite> <!-- Default test -->
