<?xml version="1.0" encoding="UTF-8"?>
<!-- Generated by org.testng.reporters.JUnitXMLReporter -->
<testsuite hostname="sisahdlpt083" ignored="0" name="Test" tests="2" failures="2" timestamp="01 Sep 2021 14:26:49 GMT" time="2.354" errors="0">
  <testcase name="@AfterClass CloseBrowser" time="0.0" classname="com.qa.base.BaseClass2">
    <failure type="java.lang.NullPointerException">
      <![CDATA[java.lang.NullPointerException
at com.qa.base.BaseClass2.CloseBrowser(BaseClass2.java:90)
... Removed 26 stack frames]]>
    </failure>
  </testcase> <!-- @AfterClass CloseBrowser -->
  <testcase name="AddTshirtInCartScenario" time="0.125" classname="com.qa.test.AutomationPracticeTest2">
    <failure type="java.lang.NullPointerException">
      <![CDATA[java.lang.NullPointerException
at com.qa.test.AutomationPracticeTest2.AddTshirtInCartScenario(AutomationPracticeTest2.java:26)
... Removed 25 stack frames]]>
    </failure>
  </testcase> <!-- AddTshirtInCartScenario -->
  <testcase name="GetAllLinksOfMenu" time="0.002" classname="com.qa.test.AutomationPracticeTest2">
    <failure type="java.lang.NullPointerException">
      <![CDATA[java.lang.NullPointerException
at com.qa.test.AutomationPracticeTest2.GetAllLinksOfMenu(AutomationPracticeTest2.java:53)
... Removed 25 stack frames]]>
    </failure>
  </testcase> <!-- GetAllLinksOfMenu -->
</testsuite> <!-- Test -->
