<?xml version="1.0" encoding="UTF-8"?>
<!-- Generated by org.testng.reporters.JUnitXMLReporter -->
<testsuite hostname="Bhagi-PC" ignored="1" name="Test" tests="1" failures="0" timestamp="06 Sep 2021 10:47:38 GMT" time="50.332" errors="0">
  <testcase name="AddTshirtInCartScenario" time="33.913" classname="com.qa.test.AutomationPracticeTest"/>
  <testcase name="GetAllLinksOfMenu" time="0.0" classname="com.qa.test.AutomationPracticeTest">
    <ignored/>
  </testcase> <!-- GetAllLinksOfMenu -->
</testsuite> <!-- Test -->
