<?xml version="1.0" encoding="UTF-8"?>
<testng-results skipped="0" failed="0" ignored="1" total="2" passed="1">
  <reporter-output>
    <line>
      <![CDATA[setting up report]]>
    </line>
    <line>
      <![CDATA[setting up report is done]]>
    </line>
    <line>
      <![CDATA[set for Opening browser]]>
    </line>
    <line>
      <![CDATA[Browser open and Url loaded]]>
    </line>
    <line>
      <![CDATA[Take screenshot and attached to report activities started]]>
    </line>
    <line>
      <![CDATA[Take screenshot and attached to report activities completed for success test]]>
    </line>
    <line>
      <![CDATA[report flush activity started]]>
    </line>
    <line>
      <![CDATA[browser close]]>
    </line>
  </reporter-output>
  <suite name="com.qa.test.AutomationPracticeTest" duration-ms="74375" started-at="2021-09-07T14:12:24Z" finished-at="2021-09-07T14:13:38Z">
    <groups>
    </groups>
    <test name="Command line test" duration-ms="74375" started-at="2021-09-07T14:12:24Z" finished-at="2021-09-07T14:13:38Z">
      <class name="com.qa.test.AutomationPracticeTest">
        <test-method status="PASS" signature="setupSuite()[pri:0, instance:com.qa.test.AutomationPracticeTest@2812cbfa]" name="setupSuite" is-config="true" duration-ms="295" started-at="2021-09-07T19:42:24Z" finished-at="2021-09-07T19:42:24Z">
          <reporter-output>
            <line>
              <![CDATA[setting up report]]>
            </line>
            <line>
              <![CDATA[setting up report is done]]>
            </line>
          </reporter-output>
        </test-method> <!-- setupSuite -->
        <test-method status="PASS" signature="OpenBrowser()[pri:0, instance:com.qa.test.AutomationPracticeTest@2812cbfa]" name="OpenBrowser" is-config="true" duration-ms="22442" started-at="2021-09-07T19:42:24Z" finished-at="2021-09-07T19:42:46Z">
          <reporter-output>
            <line>
              <![CDATA[set for Opening browser]]>
            </line>
            <line>
              <![CDATA[Browser open and Url loaded]]>
            </line>
          </reporter-output>
        </test-method> <!-- OpenBrowser -->
        <test-method status="PASS" signature="AddTshirtInCartScenario()[pri:1, instance:com.qa.test.AutomationPracticeTest@2812cbfa]" name="AddTshirtInCartScenario" duration-ms="50836" started-at="2021-09-07T19:42:47Z" description="Test 1" finished-at="2021-09-07T19:43:37Z">
          <reporter-output>
          </reporter-output>
        </test-method> <!-- AddTshirtInCartScenario -->
        <test-method status="PASS" signature="tearDownMethod(org.testng.ITestResult)[pri:0, instance:com.qa.test.AutomationPracticeTest@2812cbfa]" name="tearDownMethod" is-config="true" duration-ms="866" started-at="2021-09-07T19:43:37Z" finished-at="2021-09-07T19:43:38Z">
          <params>
            <param index="0">
              <value>
                <![CDATA[[TestResult name=AddTshirtInCartScenario status=SUCCESS method=AutomationPracticeTest.AddTshirtInCartScenario()[pri:1, instance:com.qa.test.AutomationPracticeTest@2812cbfa] output={null}]]]>
              </value>
            </param>
          </params>
          <reporter-output>
            <line>
              <![CDATA[Take screenshot and attached to report activities started]]>
            </line>
            <line>
              <![CDATA[Take screenshot and attached to report activities completed for success test]]>
            </line>
            <line>
              <![CDATA[report flush activity started]]>
            </line>
          </reporter-output>
        </test-method> <!-- tearDownMethod -->
        <test-method status="PASS" signature="CloseBrowser()[pri:0, instance:com.qa.test.AutomationPracticeTest@2812cbfa]" name="CloseBrowser" is-config="true" duration-ms="135" started-at="2021-09-07T19:43:38Z" finished-at="2021-09-07T19:43:38Z">
          <reporter-output>
            <line>
              <![CDATA[browser close]]>
            </line>
          </reporter-output>
        </test-method> <!-- CloseBrowser -->
      </class> <!-- com.qa.test.AutomationPracticeTest -->
    </test> <!-- Command line test -->
  </suite> <!-- com.qa.test.AutomationPracticeTest -->
</testng-results>
