<?xml version="1.0" encoding="UTF-8"?>
<testng-results skipped="0" failed="0" ignored="1" total="2" passed="1">
  <reporter-output>
    <line>
      <![CDATA[setting up report]]>
    </line>
    <line>
      <![CDATA[setting up report is done]]>
    </line>
    <line>
      <![CDATA[set for Opening browser]]>
    </line>
    <line>
      <![CDATA[Browser open and Url loaded]]>
    </line>
    <line>
      <![CDATA[Take screenshot and attached to report activities started]]>
    </line>
    <line>
      <![CDATA[Take screenshot and attached to report activities completed for success test]]>
    </line>
    <line>
      <![CDATA[report flush activity started]]>
    </line>
    <line>
      <![CDATA[browser close]]>
    </line>
  </reporter-output>
  <suite name="Default suite" duration-ms="89737" started-at="2021-09-06T15:05:56Z" finished-at="2021-09-06T15:07:26Z">
    <groups>
    </groups>
    <test name="Default test" duration-ms="89737" started-at="2021-09-06T15:05:56Z" finished-at="2021-09-06T15:07:26Z">
      <class name="com.qa.test.AutomationPracticeTest">
        <test-method status="PASS" signature="setupSuite()[pri:0, instance:com.qa.test.AutomationPracticeTest@3f197a46]" name="setupSuite" is-config="true" duration-ms="412" started-at="2021-09-06T15:05:55Z" finished-at="2021-09-06T15:05:56Z">
          <reporter-output>
            <line>
              <![CDATA[setting up report]]>
            </line>
            <line>
              <![CDATA[setting up report is done]]>
            </line>
          </reporter-output>
        </test-method> <!-- setupSuite -->
        <test-method status="PASS" signature="OpenBrowser()[pri:0, instance:com.qa.test.AutomationPracticeTest@3f197a46]" name="OpenBrowser" is-config="true" duration-ms="21120" started-at="2021-09-06T15:05:56Z" finished-at="2021-09-06T15:06:17Z">
          <reporter-output>
            <line>
              <![CDATA[set for Opening browser]]>
            </line>
            <line>
              <![CDATA[Browser open and Url loaded]]>
            </line>
          </reporter-output>
        </test-method> <!-- OpenBrowser -->
        <test-method status="PASS" signature="AddTshirtInCartScenario()[pri:1, instance:com.qa.test.AutomationPracticeTest@3f197a46]" name="AddTshirtInCartScenario" duration-ms="37251" started-at="2021-09-06T15:06:17Z" description="Test 1" finished-at="2021-09-06T15:06:54Z">
          <reporter-output>
          </reporter-output>
        </test-method> <!-- AddTshirtInCartScenario -->
        <test-method status="PASS" signature="tearDownMethod(org.testng.ITestResult)[pri:0, instance:com.qa.test.AutomationPracticeTest@3f197a46]" name="tearDownMethod" is-config="true" duration-ms="31229" started-at="2021-09-06T15:06:54Z" finished-at="2021-09-06T15:07:25Z">
          <params>
            <param index="0">
              <value>
                <![CDATA[[TestResult name=AddTshirtInCartScenario status=SUCCESS method=AutomationPracticeTest.AddTshirtInCartScenario()[pri:1, instance:com.qa.test.AutomationPracticeTest@3f197a46] output={null}]]]>
              </value>
            </param>
          </params>
          <reporter-output>
            <line>
              <![CDATA[Take screenshot and attached to report activities started]]>
            </line>
            <line>
              <![CDATA[Take screenshot and attached to report activities completed for success test]]>
            </line>
            <line>
              <![CDATA[report flush activity started]]>
            </line>
          </reporter-output>
        </test-method> <!-- tearDownMethod -->
        <test-method status="PASS" signature="CloseBrowser()[pri:0, instance:com.qa.test.AutomationPracticeTest@3f197a46]" name="CloseBrowser" is-config="true" duration-ms="85" started-at="2021-09-06T15:07:25Z" finished-at="2021-09-06T15:07:26Z">
          <reporter-output>
            <line>
              <![CDATA[browser close]]>
            </line>
          </reporter-output>
        </test-method> <!-- CloseBrowser -->
      </class> <!-- com.qa.test.AutomationPracticeTest -->
    </test> <!-- Default test -->
  </suite> <!-- Default suite -->
</testng-results>
